Using pre-set license
Built from '2020.3/staging' branch; Version is '2020.3.11f1 (99c7afb366b3) revision 10078127'; Using compiler version '192528614'; Build Type 'Release'
OS: 'Windows 10 Home; OS build 19043.1165; Version 2009; 64bit' Language: 'ru' Physical Memory: 24463 MB
BatchMode: 1, IsHumanControllingUs: 0, StartBugReporterOnCrash: 0, Is64bit: 1, IsPro: 0

 COMMAND LINE ARGUMENTS:
D:\Unity\2020.3.11f1\Editor\Unity.exe
-adb2
-batchMode
-noUpm
-name
AssetImportWorker0
-projectPath
D:/Unity Projects/Unity2D/TileVania2D
-logFile
Logs/AssetImportWorker0.log
-srvPort
50170
Successfully changed project path to: D:/Unity Projects/Unity2D/TileVania2D
D:/Unity Projects/Unity2D/TileVania2D
Using Asset Import Pipeline V2.
Refreshing native plugins compatible for Editor in 64.00 ms, found 3 plugins.
Preloading 0 native plugins for Editor in 0.00 ms.
Initialize engine version: 2020.3.11f1 (99c7afb366b3)
[Subsystems] Discovering subsystems at path D:/Unity/2020.3.11f1/Editor/Data/Resources/UnitySubsystems
[Subsystems] Discovering subsystems at path D:/Unity Projects/Unity2D/TileVania2D/Assets
GfxDevice: creating device client; threaded=0
Direct3D:
    Version:  Direct3D 11.0 [level 11.1]
    Renderer: NVIDIA GeForce GTX 1080 (ID=0x1b80)
    Vendor:   
    VRAM:     8079 MB
    Driver:   30.0.14.7168
Initialize mono
Mono path[0] = 'D:/Unity/2020.3.11f1/Editor/Data/Managed'
Mono path[1] = 'D:/Unity/2020.3.11f1/Editor/Data/MonoBleedingEdge/lib/mono/unityjit'
Mono config path = 'D:/Unity/2020.3.11f1/Editor/Data/MonoBleedingEdge/etc'
Using monoOptions --debugger-agent=transport=dt_socket,embedding=1,server=y,suspend=n,address=127.0.0.1:56432
Begin MonoManager ReloadAssembly
Registering precompiled unity dll's ...
Register platform support module: D:/Unity/2020.3.11f1/Editor/Data/PlaybackEngines/WindowsStandaloneSupport/UnityEditor.WindowsStandalone.Extensions.dll
Registered in 0.006101 seconds.
Native extension for WindowsStandalone target not found
Refreshing native plugins compatible for Editor in 57.56 ms, found 3 plugins.
Preloading 0 native plugins for Editor in 0.00 ms.
Mono: successfully reloaded assembly
- Completed reload, in  1.961 seconds
Platform modules already initialized, skipping
Registering precompiled user dll's ...
Registered in 0.009644 seconds.
Begin MonoManager ReloadAssembly
Native extension for WindowsStandalone target not found
Refreshing native plugins compatible for Editor in 56.43 ms, found 3 plugins.
Preloading 0 native plugins for Editor in 0.00 ms.
Mono: successfully reloaded assembly
- Completed reload, in  1.748 seconds
Platform modules already initialized, skipping
========================================================================
Worker process is ready to serve import requests
Launched and connected shader compiler UnityShaderCompiler.exe after 0.06 seconds
Refreshing native plugins compatible for Editor in 1.17 ms, found 3 plugins.
Preloading 0 native plugins for Editor in 0.00 ms.
Unloading 2080 Unused Serialized files (Serialized files now loaded: 0)
System memory in use before: 92.9 MB.
System memory in use after: 92.8 MB.

Unloading 33 unused Assets to reduce memory usage. Loaded Objects now: 2513.
Total: 2.229600 ms (FindLiveObjects: 0.191100 ms CreateObjectMapping: 0.080300 ms MarkObjects: 1.824200 ms  DeleteObjects: 0.133100 ms)

========================================================================
Received Import Request.
  path: Assets/Scenes
  artifactKey: Guid(193e78463184bb04b830b33dadeb92ed) Importer(815301076,1909f56bfc062723c751e8b465ee728b)
Start importing Assets/Scenes using Guid(193e78463184bb04b830b33dadeb92ed) Importer(815301076,1909f56bfc062723c751e8b465ee728b)  -> (artifact id: '30e6e2583cbb392dcad5d1687fa6ac50') in 0.013346 seconds
  Import took 0.025268 seconds .

========================================================================
Received Import Request.
  Time since last request: 39.849676 seconds.
  path: Assets/SPA_Background brown tint.png
  artifactKey: Guid(716a80954d616e041abc56ac7d9c40df) Importer(815301076,1909f56bfc062723c751e8b465ee728b)
Start importing Assets/SPA_Background brown tint.png using Guid(716a80954d616e041abc56ac7d9c40df) Importer(815301076,1909f56bfc062723c751e8b465ee728b)  -> (artifact id: '3d1aa5297e20e7207a76eabbfaabe001') in 0.275969 seconds
  Import took 0.280522 seconds .

========================================================================
Received Import Request.
  Time since last request: 14.662355 seconds.
  path: Assets/SPA_Background brown tint.png
  artifactKey: Guid(716a80954d616e041abc56ac7d9c40df) Importer(815301076,1909f56bfc062723c751e8b465ee728b)
Start importing Assets/SPA_Background brown tint.png using Guid(716a80954d616e041abc56ac7d9c40df) Importer(815301076,1909f56bfc062723c751e8b465ee728b)  -> (artifact id: 'd17b0987d7acd56fd5c43062236cb2ff') in 0.019868 seconds
  Import took 0.033381 seconds .

========================================================================
Received Import Request.
  Time since last request: 1.431103 seconds.
  path: Assets/SPA_Rock_Grass_Water.png
  artifactKey: Guid(3d1234ef295a5944f8bf1363a970275b) Importer(815301076,1909f56bfc062723c751e8b465ee728b)
Start importing Assets/SPA_Rock_Grass_Water.png using Guid(3d1234ef295a5944f8bf1363a970275b) Importer(815301076,1909f56bfc062723c751e8b465ee728b)  -> (artifact id: 'c473cb4a863674cb4d8e4567bbda2d80') in 0.023308 seconds
  Import took 0.032283 seconds .

========================================================================
Received Import Request.
  Time since last request: 3.555593 seconds.
  path: Assets/SPA_Rock_Grass_Water.png
  artifactKey: Guid(3d1234ef295a5944f8bf1363a970275b) Importer(815301076,1909f56bfc062723c751e8b465ee728b)
Start importing Assets/SPA_Rock_Grass_Water.png using Guid(3d1234ef295a5944f8bf1363a970275b) Importer(815301076,1909f56bfc062723c751e8b465ee728b)  -> (artifact id: 'f893cc2ac33e7f285bbd4135d9e1949b') in 0.022655 seconds
  Import took 0.039076 seconds .

========================================================================
Received Import Request.
  Time since last request: 13064.826016 seconds.
  path: Assets/SPA_Background brown tint.png
  artifactKey: Guid(716a80954d616e041abc56ac7d9c40df) Importer(815301076,1909f56bfc062723c751e8b465ee728b)
Start importing Assets/SPA_Background brown tint.png using Guid(716a80954d616e041abc56ac7d9c40df) Importer(815301076,1909f56bfc062723c751e8b465ee728b)  -> (artifact id: '039e80110c20f6afbfcf374aa91c4c77') in 0.081226 seconds
  Import took 0.088644 seconds .

AssetImportWorkerClient::OnTransportError - code=2 error=End of file
